<?xml version="1.0" encoding="UTF-8"?>
<robot generator="Robot 7.1.1 (Python 3.12.6 on win32)" generated="2024-11-10T16:33:30.962567" rpa="false" schemaversion="5">
<suite id="s1" name="Test" source="c:\Users\Vimala\Desktop\Coding\Robot_practice\test.robot">
<test id="s1-t1" name="API test" line="16">
<kw name="Test setup web" owner="test" type="SETUP">
<kw name="Set Screenshot Directory" owner="SeleniumLibrary">
<arg>C:\\Users\\Vimala\\Desktop\\Coding\\Robot_practice\\Result</arg>
<doc>Sets the directory for captured screenshots.</doc>
<status status="PASS" start="2024-11-10T16:33:31.364100" elapsed="0.000000"/>
</kw>
<status status="PASS" start="2024-11-10T16:33:31.364100" elapsed="0.000000"/>
</kw>
<kw name="post by id" owner="test">
<kw name="Create Session" owner="RequestsLibrary">
<msg time="2024-11-10T16:33:31.364100" level="INFO">Creating Session using : alias=mysession, url=https://jsonplaceholder.typicode.com, headers={},                     cookies={}, auth=None, timeout=None, proxies=None, verify=False,                     debug=0 </msg>
<arg>mysession</arg>
<arg>${base_url}</arg>
<doc>Create Session: create a HTTP session to a server</doc>
<status status="PASS" start="2024-11-10T16:33:31.364100" elapsed="0.000000"/>
</kw>
<kw name="Create Dictionary" owner="BuiltIn">
<msg time="2024-11-10T16:33:31.364100" level="INFO">${data} = {'title': 'foo', 'body': 'bar', 'userId': '1'}</msg>
<var>${data}</var>
<arg>title=foo</arg>
<arg>body=bar</arg>
<arg>userId=1</arg>
<doc>Creates and returns a dictionary based on the given ``items``.</doc>
<status status="PASS" start="2024-11-10T16:33:31.364100" elapsed="0.000000"/>
</kw>
<kw name="Log" owner="BuiltIn">
<msg time="2024-11-10T16:33:31.364100" level="INFO">{'title': 'foo', 'body': 'bar', 'userId': '1'}</msg>
<arg>${data}</arg>
<doc>Logs the given message with the given level.</doc>
<status status="PASS" start="2024-11-10T16:33:31.364100" elapsed="0.000000"/>
</kw>
<kw name="POST On Session" owner="RequestsLibrary">
<msg time="2024-11-10T16:33:32.019886" level="INFO">POST Request : url=https://jsonplaceholder.typicode.com/posts 
 path_url=/posts 
 headers={'User-Agent': 'python-requests/2.32.3', 'Accept-Encoding': 'gzip, deflate', 'Accept': '*/*', 'Connection': 'keep-alive', 'Content-Length': '46', 'Content-Type': 'application/json'} 
 body=b'{"title": "foo", "body": "bar", "userId": "1"}' 
 </msg>
<msg time="2024-11-10T16:33:32.019886" level="INFO">POST Response : url=https://jsonplaceholder.typicode.com/posts 
 status=201, reason=Created 
 headers={'Date': 'Sun, 10 Nov 2024 11:03:31 GMT', 'Content-Type': 'application/json; charset=utf-8', 'Content-Length': '67', 'Connection': 'keep-alive', 'Report-To': '{"group":"heroku-nel","max_age":3600,"endpoints":[{"url":"https://nel.heroku.com/reports?ts=1731236611&amp;sid=e11707d5-02a7-43ef-b45e-2cf4d2036f7d&amp;s=23Wd0Zvd0LI%2FAIM2rVlAC7c7dP%2B5LU3WAZGY00UdgRM%3D"}]}', 'Reporting-Endpoints': 'heroku-nel=https://nel.heroku.com/reports?ts=1731236611&amp;sid=e11707d5-02a7-43ef-b45e-2cf4d2036f7d&amp;s=23Wd0Zvd0LI%2FAIM2rVlAC7c7dP%2B5LU3WAZGY00UdgRM%3D', 'Nel': '{"report_to":"heroku-nel","max_age":3600,"success_fraction":0.005,"failure_fraction":0.05,"response_headers":["Via"]}', 'X-Powered-By': 'Express', 'X-Ratelimit-Limit': '1000', 'X-Ratelimit-Remaining': '999', 'X-Ratelimit-Reset': '1731236647', 'Vary': 'Origin, X-HTTP-Method-Override, Accept-Encoding', 'Access-Control-Allow-Credentials': 'true', 'Cache-Control': 'no-cache', 'Pragma': 'no-cache', 'Expires': '-1', 'Access-Control-Expose-Headers': 'Location', 'Location': 'https://jsonplaceholder.typicode.com/posts/101', 'X-Content-Type-Options': 'nosniff', 'Etag': 'W/"43-e0UvNeXth+6+06UFNnGIVUOlAcw"', 'Via': '1.1 vegur', 'cf-cache-status': 'DYNAMIC', 'Server': 'cloudflare', 'CF-RAY': '8e058e76ef48950e-LHR', 'alt-svc': 'h3=":443"; ma=86400', 'server-timing': 'cfL4;desc="?proto=TCP&amp;rtt=159080&amp;sent=5&amp;recv=7&amp;lost=0&amp;retrans=0&amp;sent_bytes=2842&amp;recv_bytes=904&amp;delivery_rate=22099&amp;cwnd=33&amp;unsent_bytes=0&amp;cid=71e3cab3e2b8f4ff&amp;ts=284&amp;x=0"'} 
 body={
  "title": "foo",
  "body": "bar",
  "userId": "1",
  "id": 101
} 
 </msg>
<msg time="2024-11-10T16:33:32.019886" level="INFO">C:\Users\Vimala\AppData\Local\Programs\Python\Python312\Lib\site-packages\urllib3\connectionpool.py:1099: InsecureRequestWarning: Unverified HTTPS request is being made to host 'jsonplaceholder.typicode.com'. Adding certificate verification is strongly advised. See: https://urllib3.readthedocs.io/en/latest/advanced-usage.html#tls-warnings
  warnings.warn(</msg>
<msg time="2024-11-10T16:33:32.021782" level="INFO">${response} = &lt;Response [201]&gt;</msg>
<var>${response}</var>
<arg>mysession</arg>
<arg>/posts</arg>
<arg>json=${data}</arg>
<doc>Sends a POST request on a previously created HTTP Session.</doc>
<status status="PASS" start="2024-11-10T16:33:31.364100" elapsed="0.658585"/>
</kw>
<kw name="Status Should Be" owner="RequestsLibrary">
<arg>201</arg>
<arg>${response}</arg>
<doc>Fails if response status code is different than the expected.</doc>
<status status="PASS" start="2024-11-10T16:33:32.023275" elapsed="0.003026"/>
</kw>
<kw name="Should Contain" owner="BuiltIn">
<arg>${response.json()}</arg>
<arg>title</arg>
<doc>Fails if ``container`` does not contain ``item`` one or more times.</doc>
<status status="PASS" start="2024-11-10T16:33:32.026301" elapsed="0.002010"/>
</kw>
<kw name="Should Contain" owner="BuiltIn">
<arg>${response.json()}</arg>
<arg>body</arg>
<doc>Fails if ``container`` does not contain ``item`` one or more times.</doc>
<status status="PASS" start="2024-11-10T16:33:32.028311" elapsed="0.000989"/>
</kw>
<kw name="Should Contain" owner="BuiltIn">
<arg>${response.json()}</arg>
<arg>userId</arg>
<doc>Fails if ``container`` does not contain ``item`` one or more times.</doc>
<status status="PASS" start="2024-11-10T16:33:32.030298" elapsed="0.001044"/>
</kw>
<status status="PASS" start="2024-11-10T16:33:31.364100" elapsed="0.667242"/>
</kw>
<kw name="API Post" owner="test">
<kw name="Create Session" owner="RequestsLibrary">
<msg time="2024-11-10T16:33:32.031342" level="INFO">Creating Session using : alias=API, url=https://jsonplaceholder.typicode.com, headers={},                     cookies={}, auth=None, timeout=None, proxies=None, verify=False,                     debug=0 </msg>
<arg>API</arg>
<arg>${base_url}</arg>
<doc>Create Session: create a HTTP session to a server</doc>
<status status="PASS" start="2024-11-10T16:33:32.031342" elapsed="0.000000"/>
</kw>
<kw name="Create Dictionary" owner="BuiltIn">
<msg time="2024-11-10T16:33:32.031342" level="INFO">${data} = {'name': 'karthik', 'age': '30'}</msg>
<var>${data}</var>
<arg>name=karthik</arg>
<arg>age=30</arg>
<doc>Creates and returns a dictionary based on the given ``items``.</doc>
<status status="PASS" start="2024-11-10T16:33:32.031342" elapsed="0.000000"/>
</kw>
<kw name="POST On Session" owner="RequestsLibrary">
<msg time="2024-11-10T16:33:32.784866" level="INFO">POST Request : url=https://jsonplaceholder.typicode.com/posts 
 path_url=/posts 
 headers={'User-Agent': 'python-requests/2.32.3', 'Accept-Encoding': 'gzip, deflate', 'Accept': '*/*', 'Connection': 'keep-alive', 'Content-Length': '19', 'Content-Type': 'application/x-www-form-urlencoded'} 
 body=name=karthik&amp;age=30 
 </msg>
<msg time="2024-11-10T16:33:32.785930" level="INFO">POST Response : url=https://jsonplaceholder.typicode.com/posts 
 status=201, reason=Created 
 headers={'Date': 'Sun, 10 Nov 2024 11:03:32 GMT', 'Content-Type': 'application/json; charset=utf-8', 'Content-Length': '51', 'Connection': 'keep-alive', 'Report-To': '{"group":"heroku-nel","max_age":3600,"endpoints":[{"url":"https://nel.heroku.com/reports?ts=1731236612&amp;sid=e11707d5-02a7-43ef-b45e-2cf4d2036f7d&amp;s=KuHeBT27tGzmp19aywcxJV1t2miAMnuIz7p3mXMvao0%3D"}]}', 'Reporting-Endpoints': 'heroku-nel=https://nel.heroku.com/reports?ts=1731236612&amp;sid=e11707d5-02a7-43ef-b45e-2cf4d2036f7d&amp;s=KuHeBT27tGzmp19aywcxJV1t2miAMnuIz7p3mXMvao0%3D', 'Nel': '{"report_to":"heroku-nel","max_age":3600,"success_fraction":0.005,"failure_fraction":0.05,"response_headers":["Via"]}', 'X-Powered-By': 'Express', 'X-Ratelimit-Limit': '1000', 'X-Ratelimit-Remaining': '998', 'X-Ratelimit-Reset': '1731236647', 'Vary': 'Origin, X-HTTP-Method-Override, Accept-Encoding', 'Access-Control-Allow-Credentials': 'true', 'Cache-Control': 'no-cache', 'Pragma': 'no-cache', 'Expires': '-1', 'Access-Control-Expose-Headers': 'Location', 'Location': 'https://jsonplaceholder.typicode.com/posts/101', 'X-Content-Type-Options': 'nosniff', 'Etag': 'W/"33-FQecKcCpJnCXPfqYsKvd4agSIjw"', 'Via': '1.1 vegur', 'cf-cache-status': 'DYNAMIC', 'Server': 'cloudflare', 'CF-RAY': '8e058e7acf4d94f0-LHR', 'alt-svc': 'h3=":443"; ma=86400', 'server-timing': 'cfL4;desc="?proto=TCP&amp;rtt=156971&amp;sent=5&amp;recv=7&amp;lost=0&amp;retrans=0&amp;sent_bytes=2842&amp;recv_bytes=894&amp;delivery_rate=25021&amp;cwnd=253&amp;unsent_bytes=0&amp;cid=b968c77e6ae20408&amp;ts=419&amp;x=0"'} 
 body={
  "name": "karthik",
  "age": "30",
  "id": 101
} 
 </msg>
<msg time="2024-11-10T16:33:32.785930" level="INFO">C:\Users\Vimala\AppData\Local\Programs\Python\Python312\Lib\site-packages\urllib3\connectionpool.py:1099: InsecureRequestWarning: Unverified HTTPS request is being made to host 'jsonplaceholder.typicode.com'. Adding certificate verification is strongly advised. See: https://urllib3.readthedocs.io/en/latest/advanced-usage.html#tls-warnings
  warnings.warn(</msg>
<msg time="2024-11-10T16:33:32.787905" level="INFO">${response} = &lt;Response [201]&gt;</msg>
<var>${response}</var>
<arg>API</arg>
<arg>/posts</arg>
<arg>data=${data}</arg>
<doc>Sends a POST request on a previously created HTTP Session.</doc>
<status status="PASS" start="2024-11-10T16:33:32.031342" elapsed="0.757668"/>
</kw>
<kw name="Should Be Equal As Numbers" owner="BuiltIn">
<msg time="2024-11-10T16:33:32.791893" level="INFO">Argument types are:
&lt;class 'int'&gt;
&lt;class 'str'&gt;</msg>
<arg>${response.status_code}</arg>
<arg>201</arg>
<doc>Fails if objects are unequal after converting them to real numbers.</doc>
<status status="PASS" start="2024-11-10T16:33:32.790561" elapsed="0.002333"/>
</kw>
<kw name="To Json" owner="RequestsLibrary">
<msg time="2024-11-10T16:33:32.792894" level="WARN">Keyword 'RequestsLibrary.To Json' is deprecated. Please use ${resp.json()} instead. Have a look at the improved HTML output as pretty printing replacement.</msg>
<msg time="2024-11-10T16:33:32.797035" level="INFO">To JSON using : content={
  "name": "karthik",
  "age": "30",
  "id": 101
} </msg>
<msg time="2024-11-10T16:33:32.797035" level="INFO">To JSON using : pretty_print=False </msg>
<msg time="2024-11-10T16:33:32.797035" level="INFO">${response_json} = {'name': 'karthik', 'age': '30', 'id': 101}</msg>
<var>${response_json}</var>
<arg>${response.text}</arg>
<doc>*DEPRECATED* Please use ${resp.json()} instead. Have a look at the improved HTML output as pretty printing replacement.</doc>
<status status="PASS" start="2024-11-10T16:33:32.792894" elapsed="0.004141"/>
</kw>
<kw name="Get From Dictionary" owner="Collections">
<msg time="2024-11-10T16:33:32.797035" level="INFO">${name} = karthik</msg>
<var>${name}</var>
<arg>${response_json}</arg>
<arg>name</arg>
<doc>Returns a value from the given ``dictionary`` based on the given ``key``.</doc>
<status status="PASS" start="2024-11-10T16:33:32.797035" elapsed="0.000000"/>
</kw>
<kw name="Get From Dictionary" owner="Collections">
<msg time="2024-11-10T16:33:32.797035" level="INFO">${age} = 30</msg>
<var>${age}</var>
<arg>${response_json}</arg>
<arg>age</arg>
<doc>Returns a value from the given ``dictionary`` based on the given ``key``.</doc>
<status status="PASS" start="2024-11-10T16:33:32.797035" elapsed="0.000000"/>
</kw>
<kw name="Log" owner="BuiltIn">
<msg time="2024-11-10T16:33:32.797035" level="INFO">{'name': 'karthik', 'age': '30', 'id': 101}, karthik,30</msg>
<arg>${response_json}, ${name},${age}</arg>
<doc>Logs the given message with the given level.</doc>
<status status="PASS" start="2024-11-10T16:33:32.797035" elapsed="0.000000"/>
</kw>
<status status="PASS" start="2024-11-10T16:33:32.031342" elapsed="0.765693"/>
</kw>
<kw name="Test Teardown web" owner="test" type="TEARDOWN">
<kw name="Close All Browsers" owner="SeleniumLibrary">
<doc>Closes all open browsers and resets the browser cache.</doc>
<status status="PASS" start="2024-11-10T16:33:32.805618" elapsed="0.002015"/>
</kw>
<status status="PASS" start="2024-11-10T16:33:32.797035" elapsed="0.010598"/>
</kw>
<status status="PASS" start="2024-11-10T16:33:31.364100" elapsed="1.444208"/>
</test>
<status status="PASS" start="2024-11-10T16:33:30.964183" elapsed="1.847789"/>
</suite>
<statistics>
<total>
<stat pass="1" fail="0" skip="0">All Tests</stat>
</total>
<tag>
</tag>
<suite>
<stat pass="1" fail="0" skip="0" id="s1" name="Test">Test</stat>
</suite>
</statistics>
<errors>
<msg time="2024-11-10T16:33:32.792894" level="WARN">Keyword 'RequestsLibrary.To Json' is deprecated. Please use ${resp.json()} instead. Have a look at the improved HTML output as pretty printing replacement.</msg>
</errors>
</robot>
